  main.cpp
C:\Users\Admin\Documents\GitHub\VilhemEsteban\include\Player.h(18,18): error C3646: 'mUp': unknown override specifier
C:\Users\Admin\Documents\GitHub\VilhemEsteban\include\Player.h(18,18): error C2059: syntax error: '='
C:\Users\Admin\Documents\GitHub\VilhemEsteban\include\Player.h(18,27): error C2238: unexpected token(s) preceding ';'
C:\Users\Admin\Documents\GitHub\VilhemEsteban\include\Player.h(19,20): error C3646: 'mDown': unknown override specifier
C:\Users\Admin\Documents\GitHub\VilhemEsteban\include\Player.h(19,20): error C2059: syntax error: '='
C:\Users\Admin\Documents\GitHub\VilhemEsteban\include\Player.h(19,31): error C2238: unexpected token(s) preceding ';'
C:\Users\Admin\Documents\GitHub\VilhemEsteban\include\Player.h(20,20): error C3646: 'mLeft': unknown override specifier
C:\Users\Admin\Documents\GitHub\VilhemEsteban\include\Player.h(20,20): error C2059: syntax error: '='
C:\Users\Admin\Documents\GitHub\VilhemEsteban\include\Player.h(20,31): error C2238: unexpected token(s) preceding ';'
C:\Users\Admin\Documents\GitHub\VilhemEsteban\include\Player.h(21,21): error C3646: 'mRight': unknown override specifier
C:\Users\Admin\Documents\GitHub\VilhemEsteban\include\Player.h(21,21): error C2059: syntax error: '='
C:\Users\Admin\Documents\GitHub\VilhemEsteban\include\Player.h(21,33): error C2238: unexpected token(s) preceding ';'
C:\Users\Admin\Documents\GitHub\VilhemEsteban\include\Player.h(22,21): error C3646: 'mSpace': unknown override specifier
C:\Users\Admin\Documents\GitHub\VilhemEsteban\include\Player.h(22,21): error C2059: syntax error: '='
C:\Users\Admin\Documents\GitHub\VilhemEsteban\include\Player.h(22,33): error C2238: unexpected token(s) preceding ';'
  Game.cpp
C:\Users\Admin\Documents\GitHub\VilhemEsteban\include\Player.h(18,18): error C3646: 'mUp': unknown override specifier
C:\Users\Admin\Documents\GitHub\VilhemEsteban\include\Player.h(18,18): error C2059: syntax error: '='
C:\Users\Admin\Documents\GitHub\VilhemEsteban\include\Player.h(18,27): error C2238: unexpected token(s) preceding ';'
C:\Users\Admin\Documents\GitHub\VilhemEsteban\include\Player.h(19,20): error C3646: 'mDown': unknown override specifier
C:\Users\Admin\Documents\GitHub\VilhemEsteban\include\Player.h(19,20): error C2059: syntax error: '='
C:\Users\Admin\Documents\GitHub\VilhemEsteban\include\Player.h(19,31): error C2238: unexpected token(s) preceding ';'
C:\Users\Admin\Documents\GitHub\VilhemEsteban\include\Player.h(20,20): error C3646: 'mLeft': unknown override specifier
C:\Users\Admin\Documents\GitHub\VilhemEsteban\include\Player.h(20,20): error C2059: syntax error: '='
C:\Users\Admin\Documents\GitHub\VilhemEsteban\include\Player.h(20,31): error C2238: unexpected token(s) preceding ';'
C:\Users\Admin\Documents\GitHub\VilhemEsteban\include\Player.h(21,21): error C3646: 'mRight': unknown override specifier
C:\Users\Admin\Documents\GitHub\VilhemEsteban\include\Player.h(21,21): error C2059: syntax error: '='
C:\Users\Admin\Documents\GitHub\VilhemEsteban\include\Player.h(21,33): error C2238: unexpected token(s) preceding ';'
C:\Users\Admin\Documents\GitHub\VilhemEsteban\include\Player.h(22,21): error C3646: 'mSpace': unknown override specifier
C:\Users\Admin\Documents\GitHub\VilhemEsteban\include\Player.h(22,21): error C2059: syntax error: '='
C:\Users\Admin\Documents\GitHub\VilhemEsteban\include\Player.h(22,33): error C2238: unexpected token(s) preceding ';'
  Player.cpp
C:\Users\Admin\Documents\GitHub\VilhemEsteban\include\Player.h(18,18): error C3646: 'mUp': unknown override specifier
C:\Users\Admin\Documents\GitHub\VilhemEsteban\include\Player.h(18,18): error C2059: syntax error: '='
C:\Users\Admin\Documents\GitHub\VilhemEsteban\include\Player.h(18,27): error C2238: unexpected token(s) preceding ';'
C:\Users\Admin\Documents\GitHub\VilhemEsteban\include\Player.h(19,20): error C3646: 'mDown': unknown override specifier
C:\Users\Admin\Documents\GitHub\VilhemEsteban\include\Player.h(19,20): error C2059: syntax error: '='
C:\Users\Admin\Documents\GitHub\VilhemEsteban\include\Player.h(19,31): error C2238: unexpected token(s) preceding ';'
C:\Users\Admin\Documents\GitHub\VilhemEsteban\include\Player.h(20,20): error C3646: 'mLeft': unknown override specifier
C:\Users\Admin\Documents\GitHub\VilhemEsteban\include\Player.h(20,20): error C2059: syntax error: '='
C:\Users\Admin\Documents\GitHub\VilhemEsteban\include\Player.h(20,31): error C2238: unexpected token(s) preceding ';'
C:\Users\Admin\Documents\GitHub\VilhemEsteban\include\Player.h(21,21): error C3646: 'mRight': unknown override specifier
C:\Users\Admin\Documents\GitHub\VilhemEsteban\include\Player.h(21,21): error C2059: syntax error: '='
C:\Users\Admin\Documents\GitHub\VilhemEsteban\include\Player.h(21,33): error C2238: unexpected token(s) preceding ';'
C:\Users\Admin\Documents\GitHub\VilhemEsteban\include\Player.h(22,21): error C3646: 'mSpace': unknown override specifier
C:\Users\Admin\Documents\GitHub\VilhemEsteban\include\Player.h(22,21): error C2059: syntax error: '='
C:\Users\Admin\Documents\GitHub\VilhemEsteban\include\Player.h(22,33): error C2238: unexpected token(s) preceding ';'
C:\Users\Admin\Documents\GitHub\VilhemEsteban\src\Player.cpp(13,30): error C2065: 'mUp': undeclared identifier
C:\Users\Admin\Documents\GitHub\VilhemEsteban\src\Player.cpp(17,30): error C2065: 'mDown': undeclared identifier
C:\Users\Admin\Documents\GitHub\VilhemEsteban\src\Player.cpp(21,30): error C2065: 'mLeft': undeclared identifier
C:\Users\Admin\Documents\GitHub\VilhemEsteban\src\Player.cpp(25,30): error C2065: 'mRight': undeclared identifier
C:\Users\Admin\Documents\GitHub\VilhemEsteban\src\Player.cpp(29,30): error C2065: 'mSpace': undeclared identifier
C:\Users\Admin\Documents\GitHub\VilhemEsteban\src\Player.cpp(78,20): error C7555: use of designated initializers requires at least '/std:c++latest'
C:\Users\Admin\Documents\GitHub\VilhemEsteban\src\Player.cpp(79,21): error C7555: use of designated initializers requires at least '/std:c++latest'
