  main.cpp
C:\Users\Admin\Documents\GitHub\VilhemEsteban\src\GameObject.h(36,18): warning C4244: '=': conversion from 'int' to 'float', possible loss of data
C:\Users\Admin\Documents\GitHub\VilhemEsteban\src\GameObject.h(40,18): warning C4244: '=': conversion from 'int' to 'float', possible loss of data
C:\Users\Admin\Documents\GitHub\VilhemEsteban\src\GameObject.h(44,32): warning C4244: '=': conversion from 'int' to 'float', possible loss of data
C:\Users\Admin\Documents\GitHub\VilhemEsteban\src\GameObject.h(48,32): warning C4244: '=': conversion from 'int' to 'float', possible loss of data
  Asteroid.cpp
C:\Users\Admin\Documents\GitHub\VilhemEsteban\src\GameObject.h(36,18): warning C4244: '=': conversion from 'int' to 'float', possible loss of data
C:\Users\Admin\Documents\GitHub\VilhemEsteban\src\GameObject.h(40,18): warning C4244: '=': conversion from 'int' to 'float', possible loss of data
C:\Users\Admin\Documents\GitHub\VilhemEsteban\src\GameObject.h(44,32): warning C4244: '=': conversion from 'int' to 'float', possible loss of data
C:\Users\Admin\Documents\GitHub\VilhemEsteban\src\GameObject.h(48,32): warning C4244: '=': conversion from 'int' to 'float', possible loss of data
C:\Users\Admin\Documents\GitHub\VilhemEsteban\src\Asteroid.cpp(64,23): warning C4244: '=': conversion from 'double' to 'float', possible loss of data
C:\Users\Admin\Documents\GitHub\VilhemEsteban\src\Asteroid.cpp(65,23): warning C4244: '=': conversion from 'double' to 'float', possible loss of data
C:\Users\Admin\Documents\GitHub\VilhemEsteban\src\Asteroid.cpp(76,12): warning C4244: 'argument': conversion from 'time_t' to 'unsigned int', possible loss of data
C:\Users\Admin\Documents\GitHub\VilhemEsteban\src\Asteroid.cpp(83,88): warning C4244: '=': conversion from 'double' to 'float', possible loss of data
  Game.cpp
C:\Users\Admin\Documents\GitHub\VilhemEsteban\src\GameObject.h(36,18): warning C4244: '=': conversion from 'int' to 'float', possible loss of data
C:\Users\Admin\Documents\GitHub\VilhemEsteban\src\GameObject.h(40,18): warning C4244: '=': conversion from 'int' to 'float', possible loss of data
C:\Users\Admin\Documents\GitHub\VilhemEsteban\src\GameObject.h(44,32): warning C4244: '=': conversion from 'int' to 'float', possible loss of data
C:\Users\Admin\Documents\GitHub\VilhemEsteban\src\GameObject.h(48,32): warning C4244: '=': conversion from 'int' to 'float', possible loss of data
C:\Users\Admin\Documents\GitHub\VilhemEsteban\src\Game.cpp(54,15): warning C4244: 'initializing': conversion from 'double' to 'uint64_t', possible loss of data
  Generating Code...
  AsteroidsAssignment.vcxproj -> C:\Users\Admin\Documents\GitHub\VilhemEsteban\VilhemEstebanSolution\x64\Debug\AsteroidsAssignment.exe
